<?xml version="1.0" encoding="UTF-8"?>
<!-- Generated by org.testng.reporters.JUnitReportReporter -->
<testsuite hostname="LAPTOP-89MB722U" failures="0" tests="10" name="com.warehouse.TestCases.TS_02_Registration_Functionality_TestCases" time="258.682" errors="1" timestamp="22 Apr 2019 01:19:24 GMT">
  <testcase classname="com.warehouse.TestCases.TS_02_Registration_Functionality_TestCases" name="TC_06_verify_password_Mandatory_Field" time="24.550"/>
  <testcase classname="com.warehouse.TestCases.TS_02_Registration_Functionality_TestCases" name="TC_07_verify_Invalid_Email_Address_format" time="24.731"/>
  <testcase classname="com.warehouse.TestCases.TS_02_Registration_Functionality_TestCases" name="TC_09_verify_Passowrd_Does_Not_Match_with_confirm_password" time="22.164"/>
  <testcase classname="com.warehouse.TestCases.TS_02_Registration_Functionality_TestCases" name="TC_07_verify_Confirmpassword_Mandatory_Field" time="23.081">
    <error message="expected [Please enter a value for Confirm Password] but found []" type="java.lang.AssertionError">
      <![CDATA[java.lang.AssertionError: expected [Please enter a value for Confirm Password] but found []
	at org.testng.Assert.fail(Assert.java:94)
	at org.testng.Assert.failNotEquals(Assert.java:494)
	at org.testng.Assert.assertEquals(Assert.java:123)
	at org.testng.Assert.assertEquals(Assert.java:176)
	at org.testng.Assert.assertEquals(Assert.java:186)
	at com.warehouse.TestCases.TS_02_Registration_Functionality_TestCases.TC_07_verify_Confirmpassword_Mandatory_Field(TS_02_Registration_Functionality_TestCases.java:249)
	at java.base/jdk.internal.reflect.NativeMethodAccessorImpl.invoke0(Native Method)
	at java.base/jdk.internal.reflect.NativeMethodAccessorImpl.invoke(NativeMethodAccessorImpl.java:62)
	at java.base/jdk.internal.reflect.DelegatingMethodAccessorImpl.invoke(DelegatingMethodAccessorImpl.java:43)
	at java.base/java.lang.reflect.Method.invoke(Method.java:566)
	at org.testng.internal.MethodInvocationHelper.invokeMethod(MethodInvocationHelper.java:80)
	at org.testng.internal.Invoker.invokeMethod(Invoker.java:714)
	at org.testng.internal.Invoker.invokeTestMethod(Invoker.java:901)
	at org.testng.internal.Invoker.invokeTestMethods(Invoker.java:1231)
	at org.testng.internal.TestMethodWorker.invokeTestMethods(TestMethodWorker.java:127)
	at org.testng.internal.TestMethodWorker.run(TestMethodWorker.java:111)
	at org.testng.TestRunner.privateRun(TestRunner.java:767)
	at org.testng.TestRunner.run(TestRunner.java:617)
	at org.testng.SuiteRunner.runTest(SuiteRunner.java:334)
	at org.testng.SuiteRunner.runSequentially(SuiteRunner.java:329)
	at org.testng.SuiteRunner.privateRun(SuiteRunner.java:291)
	at org.testng.SuiteRunner.run(SuiteRunner.java:240)
	at org.testng.SuiteRunnerWorker.runSuite(SuiteRunnerWorker.java:52)
	at org.testng.SuiteRunnerWorker.run(SuiteRunnerWorker.java:86)
	at org.testng.TestNG.runSuitesSequentially(TestNG.java:1198)
	at org.testng.TestNG.runSuitesLocally(TestNG.java:1123)
	at org.testng.TestNG.run(TestNG.java:1031)
	at org.testng.remote.AbstractRemoteTestNG.run(AbstractRemoteTestNG.java:115)
	at org.testng.remote.RemoteTestNG.initAndRun(RemoteTestNG.java:251)
	at org.testng.remote.RemoteTestNG.main(RemoteTestNG.java:77)
]]>
    </error>
  </testcase> <!-- TC_07_verify_Confirmpassword_Mandatory_Field -->
  <testcase classname="com.warehouse.TestCases.TS_02_Registration_Functionality_TestCases" name="TC_02_verify_Registration_ValidData" time="33.179"/>
  <testcase classname="com.warehouse.TestCases.TS_02_Registration_Functionality_TestCases" name="TC_10_verify_Passowrd_Requirements" time="25.740"/>
  <testcase classname="com.warehouse.TestCases.TS_02_Registration_Functionality_TestCases" name="TC_05_verify_email_Mandatory_Field" time="26.275"/>
  <testcase classname="com.warehouse.TestCases.TS_02_Registration_Functionality_TestCases" name="TC_01_verifyRegistrationPage" time="23.395"/>
  <testcase classname="com.warehouse.TestCases.TS_02_Registration_Functionality_TestCases" name="TC_04_verify_lastName_Mandatory_Field" time="25.151"/>
  <testcase classname="com.warehouse.TestCases.TS_02_Registration_Functionality_TestCases" name="TC_08_verify_Existing_Email_Address" time="30.416"/>
</testsuite> <!-- com.warehouse.TestCases.TS_02_Registration_Functionality_TestCases -->
